[INFO ] 2024-04-30 20:16:22.218 [main] StepDef - Setup1 executed...
[INFO ] 2024-04-30 20:16:22.467 [main] StepDef - User launch Chrome Browser successfully
[INFO ] 2024-04-30 20:16:24.752 [main] StepDef - Url Opened
[INFO ] 2024-04-30 20:16:25.843 [main] StepDef - EmailID and password entered
[INFO ] 2024-04-30 20:16:32.428 [main] StepDef - login button clicked
[INFO ] 2024-04-30 20:16:34.516 [main] StepDef - Test passed:Login feature : page title matched
[INFO ] 2024-04-30 20:17:53.860 [main] StepDef - Setup1 executed...
[INFO ] 2024-04-30 20:17:54.180 [main] StepDef - User launch Chrome Browser successfully
[INFO ] 2024-04-30 20:17:56.582 [main] StepDef - Url Opened
[INFO ] 2024-04-30 20:17:57.842 [main] StepDef - EmailID and password entered
[INFO ] 2024-04-30 20:18:05.732 [main] StepDef - login button clicked
[INFO ] 2024-04-30 20:18:07.344 [main] StepDef - Test passed:Login feature : page title matched
[INFO ] 2024-04-30 20:19:35.037 [main] StepDef - Setup1 executed...
[INFO ] 2024-04-30 20:19:35.383 [main] StepDef - User launch Chrome Browser successfully
[INFO ] 2024-04-30 20:19:38.554 [main] StepDef - Url Opened
[INFO ] 2024-04-30 20:19:40.753 [main] StepDef - EmailID and password entered
[INFO ] 2024-04-30 20:19:45.604 [main] StepDef - login button clicked
[INFO ] 2024-04-30 20:19:47.423 [main] StepDef - Test passed:Login feature : page title matched
[INFO ] 2024-04-30 20:19:50.270 [main] StepDef - user clicked on logout link
[INFO ] 2024-04-30 20:19:50.422 [main] StepDef - Test passed:Login feature : page title matched
[INFO ] 2024-04-30 20:19:51.613 [main] StepDef - Browser closed
[INFO ] 2024-05-13 13:25:29.076 [main] StepDef - Setup1 executed...
[INFO ] 2024-05-13 13:25:29.228 [main] StepDef - User launch Chrome Browser successfully
[INFO ] 2024-05-13 13:25:32.657 [main] StepDef - Url Opened
[INFO ] 2024-05-13 13:25:34.607 [main] StepDef - EmailID and password entered
[INFO ] 2024-05-13 13:25:51.741 [main] StepDef - login button clicked
[INFO ] 2024-05-13 13:25:52.327 [main] StepDef - user can view dashboard: Test passed
[INFO ] 2024-05-13 13:25:53.114 [main] StepDef - Customer Menu clicked
[INFO ] 2024-05-13 13:25:57.807 [main] StepDef - Customer Menu Item clicked
[INFO ] 2024-05-13 13:26:00.156 [main] StepDef - Email Address entered
[INFO ] 2024-05-13 13:26:04.195 [main] StepDef - Clicked on search button
[INFO ] 2024-05-13 13:26:08.419 [main] StepDef - Browser closed
[INFO ] 2024-05-13 13:26:12.624 [main] StepDef - Setup1 executed...
[INFO ] 2024-05-13 13:26:12.643 [main] StepDef - User launch Chrome Browser successfully
[INFO ] 2024-05-13 13:26:23.424 [main] StepDef - Url Opened
[INFO ] 2024-05-13 13:26:24.680 [main] StepDef - EmailID and password entered
[INFO ] 2024-05-13 13:27:11.884 [main] StepDef - login button clicked
[INFO ] 2024-05-13 13:27:15.084 [main] StepDef - Test passed:Login feature : page title matched
[INFO ] 2024-05-13 13:31:18.205 [main] StepDef - Setup1 executed...
[INFO ] 2024-05-13 13:31:21.222 [main] StefDef - Set Up2 executed...
[INFO ] 2024-05-13 13:31:21.359 [main] StefDef - User launch Chrome Browser successfully
[INFO ] 2024-05-13 13:31:24.011 [main] StefDef - Url Opened
[INFO ] 2024-05-13 13:31:25.214 [main] StefDef - EmailID and password entered
[INFO ] 2024-05-13 13:31:35.768 [main] StefDef - login button clicked
[INFO ] 2024-05-13 13:31:36.187 [main] StefDef - Test passed:Login feature : page title matched
[INFO ] 2024-05-13 13:31:38.976 [main] StefDef - user clicked on logout link
[INFO ] 2024-05-13 13:31:39.076 [main] StefDef - Test passed:Login feature : page title matched
[INFO ] 2024-05-13 13:31:39.314 [main] StefDef - Browser closed
[INFO ] 2024-05-13 13:32:21.884 [main] StefDef - Set Up2 executed...
[INFO ] 2024-05-13 13:32:21.989 [main] StefDef - User launch Chrome Browser successfully
[INFO ] 2024-05-13 13:32:25.634 [main] StefDef - Url Opened
[INFO ] 2024-05-13 13:32:26.443 [main] StefDef - EmailID and password entered
[INFO ] 2024-05-13 13:32:35.732 [main] StefDef - login button clicked
[INFO ] 2024-05-13 13:32:36.170 [main] StefDef - user can view dashboard: Test passed
[INFO ] 2024-05-13 13:32:36.421 [main] StefDef - Customer Menu clicked
[INFO ] 2024-05-13 13:32:38.337 [main] StefDef - Customer Menu Item clicked
[INFO ] 2024-05-13 13:32:41.607 [main] StefDef - clicked on Add new button
[INFO ] 2024-05-13 13:32:41.639 [main] StefDef - User can view Add new customer page:Test passed
[INFO ] 2024-05-13 13:32:44.402 [main] StefDef - customer information entered
[INFO ] 2024-05-13 13:32:44.673 [main] StefDef - click on save button
[INFO ] 2024-05-13 13:32:48.523 [main] StepDef - Setup1 executed...
[INFO ] 2024-05-13 13:32:48.528 [main] StepDef - User launch Chrome Browser successfully
[INFO ] 2024-05-13 13:32:52.342 [main] StepDef - Url Opened
[INFO ] 2024-05-13 13:32:53.017 [main] StepDef - EmailID and password entered
[INFO ] 2024-05-13 13:34:55.492 [main] StepDef - login button clicked
[INFO ] 2024-05-13 13:34:55.907 [main] StepDef - user can view dashboard: Test passed
[INFO ] 2024-05-13 13:34:56.046 [main] StepDef - Customer Menu clicked
[INFO ] 2024-05-13 13:36:48.372 [main] StepDef - Customer Menu Item clicked
[INFO ] 2024-05-13 13:36:51.829 [main] StepDef - Email Address entered
[INFO ] 2024-05-13 13:36:52.075 [main] StepDef - Clicked on search button
[INFO ] 2024-05-13 13:36:54.514 [main] StepDef - Browser closed
[INFO ] 2024-05-13 13:36:58.049 [main] StefDef - Set Up2 executed...
[INFO ] 2024-05-13 13:36:58.068 [main] StefDef - User launch Chrome Browser successfully
[INFO ] 2024-05-13 13:37:00.987 [main] StefDef - Url Opened
[INFO ] 2024-05-13 13:37:01.892 [main] StefDef - EmailID and password entered
[INFO ] 2024-05-13 13:37:12.528 [main] StefDef - login button clicked
[INFO ] 2024-05-13 13:37:13.006 [main] StefDef - user can view dashboard: Test passed
[INFO ] 2024-05-13 13:37:13.350 [main] StefDef - Customer Menu clicked
[INFO ] 2024-05-13 13:37:15.835 [main] StefDef - Customer Menu Item clicked
[INFO ] 2024-05-13 13:37:18.566 [main] StefDef - Clicked on search button
[INFO ] 2024-05-13 13:37:21.046 [main] StefDef - Browser closed
[INFO ] 2024-05-13 13:37:26.047 [main] StepDef - Setup1 executed...
[INFO ] 2024-05-13 13:37:29.501 [main] StefDef - Set Up2 executed...
[INFO ] 2024-05-13 13:37:29.512 [main] StefDef - User launch Chrome Browser successfully
[INFO ] 2024-05-13 13:37:33.287 [main] StefDef - Url Opened
[INFO ] 2024-05-13 13:37:34.144 [main] StefDef - EmailID and password entered
[INFO ] 2024-05-13 13:38:10.748 [main] StefDef - login button clicked
[INFO ] 2024-05-13 13:38:11.439 [main] StefDef - Test passed:Login feature : page title matched
[INFO ] 2024-05-13 13:38:16.605 [main] StefDef - Set Up2 executed...
[INFO ] 2024-05-13 13:38:16.614 [main] StefDef - User launch Chrome Browser successfully
[INFO ] 2024-05-13 13:38:20.934 [main] StefDef - Url Opened
[INFO ] 2024-05-13 13:38:21.614 [main] StefDef - EmailID and password entered
[INFO ] 2024-05-13 13:38:38.293 [main] StefDef - login button clicked
[INFO ] 2024-05-13 13:38:38.729 [main] StefDef - Test passed:Login feature : page title matched
[INFO ] 2024-05-13 13:38:43.821 [main] StefDef - Set Up2 executed...
[INFO ] 2024-05-13 13:38:43.829 [main] StefDef - User launch Chrome Browser successfully
[INFO ] 2024-05-13 13:38:46.627 [main] StefDef - Url Opened
[INFO ] 2024-05-13 13:38:47.484 [main] StefDef - EmailID and password entered
[INFO ] 2024-05-13 13:38:52.747 [main] StefDef - login button clicked
[INFO ] 2024-05-19 13:15:49.430 [main] StepDef - Setup1 executed...
[INFO ] 2024-05-19 13:15:49.650 [main] StepDef - User launch Chrome Browser successfully
[INFO ] 2024-05-19 13:15:56.401 [main] StepDef - Url Opened
[INFO ] 2024-05-19 13:15:57.389 [main] StepDef - EmailID and password entered
[INFO ] 2024-05-19 13:17:54.520 [main] StepDef - login button clicked
[INFO ] 2024-05-19 13:17:54.623 [main] StepDef - user can view dashboard: Test passed
[INFO ] 2024-05-19 13:17:54.959 [main] StepDef - Customer Menu clicked
[INFO ] 2024-05-19 13:18:19.731 [main] StepDef - Customer Menu Item clicked
[INFO ] 2024-05-19 13:18:22.268 [main] StepDef - Email Address entered
[INFO ] 2024-05-19 13:18:22.548 [main] StepDef - Clicked on search button
[INFO ] 2024-05-19 13:18:28.097 [main] StepDef - Setup1 executed...
[INFO ] 2024-05-19 13:18:31.472 [main] StefDef - Set Up2 executed...
[INFO ] 2024-05-19 13:18:31.478 [main] StefDef - User launch Chrome Browser successfully
[INFO ] 2024-05-19 13:18:54.648 [main] StefDef - Url Opened
[INFO ] 2024-05-19 13:18:56.312 [main] StefDef - EmailID and password entered
[INFO ] 2024-05-19 13:19:26.381 [main] StefDef - login button clicked
[INFO ] 2024-05-19 13:19:26.401 [main] StefDef - Test passed:Login feature : page title matched
[INFO ] 2024-05-19 13:19:31.907 [main] StefDef - user clicked on logout link
[INFO ] 2024-05-19 13:19:32.028 [main] StefDef - Test passed:Login feature : page title matched
[INFO ] 2024-05-19 13:19:32.529 [main] StefDef - Browser closed
[INFO ] 2024-05-19 13:22:24.947 [main] StepDef - Setup1 executed...
[INFO ] 2024-05-19 13:22:25.304 [main] StepDef - User launch Chrome Browser successfully
[INFO ] 2024-05-19 13:22:37.729 [main] StepDef - Url Opened
[INFO ] 2024-05-19 13:22:38.829 [main] StepDef - EmailID and password entered
[INFO ] 2024-05-19 13:24:03.473 [main] StepDef - login button clicked
[INFO ] 2024-05-19 13:24:03.919 [main] StepDef - user can view dashboard: Test passed
[INFO ] 2024-05-19 13:24:04.778 [main] StepDef - Customer Menu clicked
[INFO ] 2024-05-19 13:24:21.915 [main] StepDef - Customer Menu Item clicked
[INFO ] 2024-05-19 13:24:24.726 [main] StepDef - Email Address entered
[INFO ] 2024-05-19 13:24:25.470 [main] StepDef - Clicked on search button
[INFO ] 2024-05-19 13:24:32.645 [main] StepDef - Setup1 executed...
[INFO ] 2024-05-19 13:24:32.658 [main] StepDef - User launch Chrome Browser successfully
[INFO ] 2024-05-19 13:24:51.370 [main] StepDef - Url Opened
[INFO ] 2024-05-19 13:24:52.282 [main] StepDef - EmailID and password entered
[INFO ] 2024-05-19 13:25:56.879 [main] StepDef - login button clicked
[INFO ] 2024-05-19 13:25:56.902 [main] StepDef - Test passed:Login feature : page title matched
[INFO ] 2024-05-19 13:30:05.318 [main] StepDef - Setup1 executed...
[INFO ] 2024-05-19 13:30:05.542 [main] StepDef - User launch Chrome Browser successfully
[INFO ] 2024-05-19 13:30:08.342 [main] StepDef - Url Opened
[INFO ] 2024-05-19 13:30:10.081 [main] StepDef - EmailID and password entered
[INFO ] 2024-05-19 13:30:17.759 [main] StepDef - login button clicked
[INFO ] 2024-05-19 13:30:17.806 [main] StepDef - user can view dashboard: Test passed
[INFO ] 2024-05-19 13:30:18.282 [main] StepDef - Customer Menu clicked
[INFO ] 2024-05-19 13:30:20.547 [main] StepDef - Customer Menu Item clicked
[INFO ] 2024-05-19 13:30:23.082 [main] StepDef - Email Address entered
[INFO ] 2024-05-19 13:30:23.354 [main] StepDef - Clicked on search button
[INFO ] 2024-05-19 13:30:25.521 [main] StepDef - User should found Email in the Search table:Passed
[INFO ] 2024-05-19 13:30:26.028 [main] StepDef - Browser closed
[INFO ] 2024-05-20 01:30:04.135 [main] StepDef - Setup1 executed...
[INFO ] 2024-05-20 01:30:04.280 [main] StepDef - User launch Chrome Browser successfully
[INFO ] 2024-05-20 01:30:06.348 [main] StepDef - Url Opened
[INFO ] 2024-05-20 01:30:07.427 [main] StepDef - EmailID and password entered
[INFO ] 2024-05-20 01:30:14.265 [main] StepDef - login button clicked
[INFO ] 2024-05-20 01:30:14.354 [main] StepDef - user can view dashboard: Test passed
[INFO ] 2024-05-20 01:30:14.567 [main] StepDef - Customer Menu clicked
[INFO ] 2024-05-20 01:30:16.533 [main] StepDef - Customer Menu Item clicked
[INFO ] 2024-05-20 01:30:18.927 [main] StepDef - Email Address entered
[INFO ] 2024-05-20 01:30:19.113 [main] StepDef - Clicked on search button
[INFO ] 2024-05-20 01:30:21.241 [main] StepDef - User should found Email in the Search table:Passed
[INFO ] 2024-05-20 01:30:21.794 [main] StepDef - Browser closed
[INFO ] 2024-05-22 17:00:20.726 [main] StepDef - Setup1 executed...
[INFO ] 2024-05-22 17:00:20.863 [main] StepDef - User launch Chrome Browser successfully
[INFO ] 2024-05-22 17:01:17.143 [main] StepDef - Url Opened
[INFO ] 2024-05-22 17:01:17.793 [main] StepDef - EmailID and password entered
[INFO ] 2024-05-22 17:01:28.638 [main] StepDef - login button clicked
[INFO ] 2024-05-31 21:33:56.235 [main] StepDef - Setup1 executed...
[INFO ] 2024-05-31 21:33:56.532 [main] StepDef - User launch Chrome Browser successfully
[INFO ] 2024-05-31 21:34:03.347 [main] StepDef - Url Opened
[INFO ] 2024-05-31 21:34:04.298 [main] StepDef - EmailID and password entered
[INFO ] 2024-05-31 21:42:41.518 [main] StepDef - Setup1 executed...
[INFO ] 2024-05-31 21:42:41.890 [main] StepDef - User launch Chrome Browser successfully
[INFO ] 2024-05-31 21:42:52.797 [main] StepDef - Url Opened
[INFO ] 2024-05-31 21:42:53.874 [main] StepDef - EmailID and password entered
[INFO ] 2024-05-31 21:49:18.163 [main] StepDef - Setup1 executed...
[INFO ] 2024-05-31 21:49:18.345 [main] StepDef - User launch Chrome Browser successfully
[INFO ] 2024-05-31 21:49:21.692 [main] StepDef - Url Opened
[INFO ] 2024-05-31 21:49:22.870 [main] StepDef - EmailID and password entered
[INFO ] 2024-06-01 18:00:10.101 [main] StepDef - Setup1 executed...
[INFO ] 2024-06-01 18:00:10.299 [main] StepDef - User launch Chrome Browser successfully
[INFO ] 2024-06-01 18:00:13.724 [main] StepDef - Url Opened
[INFO ] 2024-06-01 18:00:15.055 [main] StepDef - EmailID and password entered
[INFO ] 2024-06-01 18:00:25.099 [main] StepDef - login button clicked
[INFO ] 2024-06-01 18:00:25.291 [main] StepDef - Test passed:Login feature : page title matched
[INFO ] 2024-06-01 18:00:29.183 [main] StepDef - user clicked on logout link
[INFO ] 2024-06-01 18:00:29.285 [main] StepDef - Test passed:Login feature : page title matched
[INFO ] 2024-06-01 18:00:29.865 [main] StepDef - Browser closed
[INFO ] 2024-06-01 20:16:05.893 [main] StepDef - Setup1 executed...
[INFO ] 2024-06-01 20:16:06.040 [main] StepDef - User launch Chrome Browser successfully
[INFO ] 2024-06-01 20:16:10.457 [main] StepDef - Url Opened
[INFO ] 2024-06-01 20:16:11.254 [main] StepDef - EmailID and password entered
[INFO ] 2024-06-01 20:23:38.780 [main] StepDef - Setup1 executed...
[INFO ] 2024-06-01 20:23:38.925 [main] StepDef - User launch Chrome Browser successfully
[INFO ] 2024-06-01 20:23:42.231 [main] StepDef - Url Opened
[INFO ] 2024-06-01 20:23:43.026 [main] StepDef - EmailID and password entered
